PING www.google.com(maa05s15-in-x04.1e100.net (2404:6800:4007:816::2004)) 56 data bytes
64 bytes from maa05s15-in-x04.1e100.net (2404:6800:4007:816::2004): icmp_seq=1 ttl=116 time=72.2 ms

--- www.google.com ping statistics ---
1 packets transmitted, 1 received, 0% packet loss, time 0ms
rtt min/avg/max/mdev = 72.220/72.220/72.220/0.000 ms
PING www.google.com(maa05s15-in-x04.1e100.net (2404:6800:4007:816::2004)) 56 data bytes
64 bytes from maa05s15-in-x04.1e100.net (2404:6800:4007:816::2004): icmp_seq=1 ttl=116 time=73.9 ms

--- www.google.com ping statistics ---
1 packets transmitted, 1 received, 0% packet loss, time 0ms
rtt min/avg/max/mdev = 73.897/73.897/73.897/0.000 ms
PING www.google.com(maa05s15-in-x04.1e100.net (2404:6800:4007:816::2004)) 56 data bytes
64 bytes from maa05s15-in-x04.1e100.net (2404:6800:4007:816::2004): icmp_seq=1 ttl=116 time=89.5 ms

--- www.google.com ping statistics ---
1 packets transmitted, 1 received, 0% packet loss, time 0ms
rtt min/avg/max/mdev = 89.485/89.485/89.485/0.000 ms
PING www.google.com(maa05s15-in-x04.1e100.net (2404:6800:4007:816::2004)) 56 data bytes
64 bytes from maa05s15-in-x04.1e100.net (2404:6800:4007:816::2004): icmp_seq=1 ttl=116 time=87.6 ms

--- www.google.com ping statistics ---
1 packets transmitted, 1 received, 0% packet loss, time 0ms
rtt min/avg/max/mdev = 87.557/87.557/87.557/0.000 ms
PING www.google.com(maa05s15-in-x04.1e100.net (2404:6800:4007:816::2004)) 56 data bytes
64 bytes from maa05s15-in-x04.1e100.net (2404:6800:4007:816::2004): icmp_seq=1 ttl=116 time=90.0 ms

--- www.google.com ping statistics ---
1 packets transmitted, 1 received, 0% packet loss, time 0ms
rtt min/avg/max/mdev = 90.032/90.032/90.032/0.000 ms
PING www.google.com(maa05s15-in-x04.1e100.net (2404:6800:4007:816::2004)) 56 data bytes
64 bytes from maa05s15-in-x04.1e100.net (2404:6800:4007:816::2004): icmp_seq=1 ttl=116 time=125 ms

--- www.google.com ping statistics ---
1 packets transmitted, 1 received, 0% packet loss, time 0ms
rtt min/avg/max/mdev = 124.595/124.595/124.595/0.000 ms
PING www.google.com(maa05s15-in-x04.1e100.net (2404:6800:4007:816::2004)) 56 data bytes
64 bytes from maa05s15-in-x04.1e100.net (2404:6800:4007:816::2004): icmp_seq=1 ttl=116 time=116 ms

--- www.google.com ping statistics ---
1 packets transmitted, 1 received, 0% packet loss, time 0ms
rtt min/avg/max/mdev = 116.448/116.448/116.448/0.000 ms
PING www.google.com(maa05s15-in-x04.1e100.net (2404:6800:4007:816::2004)) 56 data bytes
64 bytes from maa05s15-in-x04.1e100.net (2404:6800:4007:816::2004): icmp_seq=1 ttl=116 time=115 ms

--- www.google.com ping statistics ---
1 packets transmitted, 1 received, 0% packet loss, time 0ms
rtt min/avg/max/mdev = 114.840/114.840/114.840/0.000 ms
PING www.google.com(maa05s15-in-x04.1e100.net (2404:6800:4007:816::2004)) 56 data bytes
64 bytes from maa05s15-in-x04.1e100.net (2404:6800:4007:816::2004): icmp_seq=1 ttl=116 time=115 ms

--- www.google.com ping statistics ---
1 packets transmitted, 1 received, 0% packet loss, time 0ms
rtt min/avg/max/mdev = 115.048/115.048/115.048/0.000 ms
PING www.google.com(maa05s14-in-x04.1e100.net (2404:6800:4007:815::2004)) 56 data bytes
64 bytes from maa05s14-in-x04.1e100.net (2404:6800:4007:815::2004): icmp_seq=1 ttl=116 time=67.3 ms

--- www.google.com ping statistics ---
1 packets transmitted, 1 received, 0% packet loss, time 0ms
rtt min/avg/max/mdev = 67.282/67.282/67.282/0.000 ms
PING www.google.com(maa05s14-in-x04.1e100.net (2404:6800:4007:815::2004)) 56 data bytes
64 bytes from maa05s14-in-x04.1e100.net (2404:6800:4007:815::2004): icmp_seq=1 ttl=116 time=116 ms

--- www.google.com ping statistics ---
1 packets transmitted, 1 received, 0% packet loss, time 0ms
rtt min/avg/max/mdev = 115.676/115.676/115.676/0.000 ms
PING www.google.com(maa05s14-in-x04.1e100.net (2404:6800:4007:815::2004)) 56 data bytes
64 bytes from maa05s14-in-x04.1e100.net (2404:6800:4007:815::2004): icmp_seq=1 ttl=116 time=79.7 ms

--- www.google.com ping statistics ---
1 packets transmitted, 1 received, 0% packet loss, time 0ms
rtt min/avg/max/mdev = 79.706/79.706/79.706/0.000 ms
PING www.google.com(maa05s23-in-x04.1e100.net (2404:6800:4007:81e::2004)) 56 data bytes
64 bytes from maa05s23-in-x04.1e100.net (2404:6800:4007:81e::2004): icmp_seq=1 ttl=116 time=70.7 ms

--- www.google.com ping statistics ---
1 packets transmitted, 1 received, 0% packet loss, time 0ms
rtt min/avg/max/mdev = 70.730/70.730/70.730/0.000 ms
PING www.google.com(maa05s23-in-x04.1e100.net (2404:6800:4007:81e::2004)) 56 data bytes
64 bytes from maa05s23-in-x04.1e100.net (2404:6800:4007:81e::2004): icmp_seq=1 ttl=116 time=120 ms

--- www.google.com ping statistics ---
1 packets transmitted, 1 received, 0% packet loss, time 0ms
rtt min/avg/max/mdev = 119.593/119.593/119.593/0.000 ms
PING www.google.com(maa05s23-in-x04.1e100.net (2404:6800:4007:81e::2004)) 56 data bytes
64 bytes from maa05s23-in-x04.1e100.net (2404:6800:4007:81e::2004): icmp_seq=1 ttl=116 time=120 ms

--- www.google.com ping statistics ---
1 packets transmitted, 1 received, 0% packet loss, time 0ms
rtt min/avg/max/mdev = 120.086/120.086/120.086/0.000 ms
PING www.google.com(maa05s23-in-x04.1e100.net (2404:6800:4007:81e::2004)) 56 data bytes
64 bytes from maa05s23-in-x04.1e100.net (2404:6800:4007:81e::2004): icmp_seq=1 ttl=116 time=150 ms

--- www.google.com ping statistics ---
1 packets transmitted, 1 received, 0% packet loss, time 0ms
rtt min/avg/max/mdev = 150.146/150.146/150.146/0.000 ms
PING www.google.com(maa05s23-in-x04.1e100.net (2404:6800:4007:81e::2004)) 56 data bytes
64 bytes from maa05s23-in-x04.1e100.net (2404:6800:4007:81e::2004): icmp_seq=1 ttl=116 time=69.1 ms

--- www.google.com ping statistics ---
1 packets transmitted, 1 received, 0% packet loss, time 0ms
rtt min/avg/max/mdev = 69.081/69.081/69.081/0.000 ms
PING www.google.com(maa05s15-in-x04.1e100.net (2404:6800:4007:816::2004)) 56 data bytes
64 bytes from maa05s15-in-x04.1e100.net (2404:6800:4007:816::2004): icmp_seq=1 ttl=58 time=59.7 ms

--- www.google.com ping statistics ---
1 packets transmitted, 1 received, 0% packet loss, time 0ms
rtt min/avg/max/mdev = 59.693/59.693/59.693/0.000 ms
PING www.google.com(maa05s15-in-x04.1e100.net (2404:6800:4007:816::2004)) 56 data bytes
64 bytes from maa05s15-in-x04.1e100.net (2404:6800:4007:816::2004): icmp_seq=1 ttl=58 time=75.2 ms

--- www.google.com ping statistics ---
1 packets transmitted, 1 received, 0% packet loss, time 0ms
rtt min/avg/max/mdev = 75.221/75.221/75.221/0.000 ms
PING www.google.com(maa05s15-in-x04.1e100.net (2404:6800:4007:816::2004)) 56 data bytes
64 bytes from maa05s15-in-x04.1e100.net (2404:6800:4007:816::2004): icmp_seq=1 ttl=58 time=71.5 ms

--- www.google.com ping statistics ---
1 packets transmitted, 1 received, 0% packet loss, time 0ms
rtt min/avg/max/mdev = 71.479/71.479/71.479/0.000 ms
PING www.google.com(maa05s15-in-x04.1e100.net (2404:6800:4007:816::2004)) 56 data bytes
64 bytes from maa05s15-in-x04.1e100.net (2404:6800:4007:816::2004): icmp_seq=1 ttl=58 time=120 ms

--- www.google.com ping statistics ---
1 packets transmitted, 1 received, 0% packet loss, time 0ms
rtt min/avg/max/mdev = 120.108/120.108/120.108/0.000 ms
PING www.google.com(maa05s15-in-x04.1e100.net (2404:6800:4007:816::2004)) 56 data bytes
64 bytes from maa05s15-in-x04.1e100.net (2404:6800:4007:816::2004): icmp_seq=1 ttl=58 time=122 ms

--- www.google.com ping statistics ---
1 packets transmitted, 1 received, 0% packet loss, time 0ms
rtt min/avg/max/mdev = 122.340/122.340/122.340/0.000 ms
PING www.google.com(maa05s15-in-x04.1e100.net (2404:6800:4007:816::2004)) 56 data bytes
64 bytes from maa05s15-in-x04.1e100.net (2404:6800:4007:816::2004): icmp_seq=1 ttl=58 time=65.5 ms

--- www.google.com ping statistics ---
1 packets transmitted, 1 received, 0% packet loss, time 0ms
rtt min/avg/max/mdev = 65.517/65.517/65.517/0.000 ms
PING www.google.com(maa05s15-in-x04.1e100.net (2404:6800:4007:816::2004)) 56 data bytes
64 bytes from maa05s15-in-x04.1e100.net (2404:6800:4007:816::2004): icmp_seq=1 ttl=58 time=87.2 ms

--- www.google.com ping statistics ---
1 packets transmitted, 1 received, 0% packet loss, time 0ms
rtt min/avg/max/mdev = 87.159/87.159/87.159/0.000 ms
